<?xml version="1.0" encoding="UTF-8"?>
<!-- Generated by org.testng.reporters.JUnitReportReporter -->
<testsuite hostname="DESKTOP-8O1P2R6" failures="0" tests="2" name="com.TestJava.TC_LoginPG" time="35.108" errors="0" timestamp="2022-12-22T19:04:43 IST" skipped="0">
  <testcase classname="com.TestJava.TC_LoginPG" name="signInTest" time="16.018"/>
  <system-out/>
  <testcase classname="com.TestJava.TC_LoginPG" name="loginpagetest" time="19.090"/>
  <system-out/>
</testsuite> <!-- com.TestJava.TC_LoginPG -->
