<?xml version="1.0" encoding="UTF-8"?>
<!-- Generated by org.testng.reporters.JUnitReportReporter -->
<testsuite hostname="DESKTOP-8O1P2R6" failures="0" tests="1" name="TestCases.GmailTest" time="54.005" errors="0" timestamp="2022-12-22T18:57:12 IST" skipped="0">
  <testcase classname="TestCases.GmailTest" name="Gmail" time="54.005"/>
  <system-out/>
</testsuite> <!-- TestCases.GmailTest -->
